<?xml version="1.0" encoding="UTF-8"?>
<!-- Generated by org.testng.reporters.JUnitReportReporter -->
<testsuite hostname="3G22" failures="0" tests="1" name="com.TestArea.TestEngine" time="17.727" errors="0" timestamp="2023-11-09T18:19:24 IST" skipped="0">
  <testcase classname="com.TestArea.TestEngine" name="testEngnine" time="17.727"/>
</testsuite> <!-- com.TestArea.TestEngine -->
