<?xml version="1.0" encoding="UTF-8"?>
<!-- Generated by org.testng.reporters.JUnitReportReporter -->
<testsuite hostname="2A34" failures="0" tests="2" name="com.TestArea.TestEngine" time="20.036" errors="0" timestamp="2023-11-17T14:47:45 IST" skipped="0">
  <testcase classname="com.TestArea.TestEngine" name="testEngnineOne" time="10.072"/>
  <testcase classname="com.TestArea.TestEngine" name="testEngnineTwo" time="9.964"/>
</testsuite> <!-- com.TestArea.TestEngine -->
